\BOOKMARK [0][-]{chapter.1}{Introduction}{}% 1
\BOOKMARK [0][-]{chapter.2}{Preliminary concepts}{}% 2
\BOOKMARK [1][-]{section.2.1}{Dynamical System}{chapter.2}% 3
\BOOKMARK [1][-]{section.2.2}{Bifurcations}{chapter.2}% 4
\BOOKMARK [2][-]{subsection.2.2.1}{Saddle-Node bifurcation}{section.2.2}% 5
\BOOKMARK [2][-]{subsection.2.2.2}{Pitchfork bifurcation}{section.2.2}% 6
\BOOKMARK [2][-]{subsection.2.2.3}{Hopf bifurcation}{section.2.2}% 7
\BOOKMARK [1][-]{section.2.3}{Localized Structure.}{chapter.2}% 8
\BOOKMARK [1][-]{section.2.4}{Chimera states}{chapter.2}% 9
\BOOKMARK [0][-]{chapter.3}{Numerical Continuation}{}% 10
\BOOKMARK [1][-]{section.3.1}{Natural parameter continuation}{chapter.3}% 11
\BOOKMARK [1][-]{section.3.2}{Pseudo-arclength continuation}{chapter.3}% 12
\BOOKMARK [1][-]{section.3.3}{Continuation of traveling states}{chapter.3}% 13
\BOOKMARK [1][-]{section.3.4}{Continuation for periodic orbits}{chapter.3}% 14
\BOOKMARK [0][-]{chapter.4}{Moving Solitons in the Lugiato-Lefever equation.}{}% 15
\BOOKMARK [1][-]{section.4.1}{Lugiato-Lefever equation.}{chapter.4}% 16
\BOOKMARK [1][-]{section.4.2}{Raman effect.}{chapter.4}% 17
\BOOKMARK [1][-]{section.4.3}{Isolas and traveling solitons.}{chapter.4}% 18
\BOOKMARK [1][-]{section.4.4}{A reduced model.}{chapter.4}% 19
\BOOKMARK [1][-]{section.4.5}{Oscillatory bound states.}{chapter.4}% 20
\BOOKMARK [0][-]{chapter.5}{Moving spiral wave chimeras}{}% 21
\BOOKMARK [0][-]{chapter.6}{Conclusions}{}% 22
\BOOKMARK [0][-]{chapter*.13}{Bibliography}{}% 23
\BOOKMARK [0][-]{Appendix.a.A}{Appendix Anexo}{}% 24
